This is XeTeX, Version 3.141592653-2.6-0.999994 (MiKTeX 22.3) (preloaded format=xelatex 2022.5.12)  20 SEP 2022 15:49
entering extended mode
 restricted \write18 enabled.
 %&-line parsing enabled.
**./MT_Prithvi.tex
(MT_Prithvi.tex
LaTeX2e <2021-11-15> patch level 1
L3 programming layer <2022-02-24>
(C:\Users\prithvi.patel\AppData\Local\Programs\MiKTeX\tex/latex/base\article.cl
s
Document Class: article 2021/10/04 v1.4n Standard LaTeX document class

(C:\Users\prithvi.patel\AppData\Local\Programs\MiKTeX\tex/latex/base\size12.clo
File: size12.clo 2021/10/04 v1.4n Standard LaTeX file (size option)
)
\c@part=\count181
\c@section=\count182
\c@subsection=\count183
\c@subsubsection=\count184
\c@paragraph=\count185
\c@subparagraph=\count186
\c@figure=\count187
\c@table=\count188
\abovecaptionskip=\skip47
\belowcaptionskip=\skip48
\bibindent=\dimen138
)
(C:\Users\prithvi.patel\AppData\Local\Programs\MiKTeX\tex/latex/base\inputenc.s
ty
Package: inputenc 2021/02/14 v1.3d Input encoding file
\inpenc@prehook=\toks16
\inpenc@posthook=\toks17


Package inputenc Warning: inputenc package ignored with utf8 based engines.

)
(C:\Users\prithvi.patel\AppData\Local\Programs\MiKTeX\tex/latex/amsmath\amsmath
.sty
Package: amsmath 2021/10/15 v2.17l AMS math features
\@mathmargin=\skip49

For additional information on amsmath, use the `?' option.

(C:\Users\prithvi.patel\AppData\Local\Programs\MiKTeX\tex/latex/amsmath\amstext
.sty
Package: amstext 2021/08/26 v2.01 AMS text

(C:\Users\prithvi.patel\AppData\Local\Programs\MiKTeX\tex/latex/amsmath\amsgen.
sty
File: amsgen.sty 1999/11/30 v2.0 generic functions
\@emptytoks=\toks18
\ex@=\dimen139
))
(C:\Users\prithvi.patel\AppData\Local\Programs\MiKTeX\tex/latex/amsmath\amsbsy.
sty
Package: amsbsy 1999/11/29 v1.2d Bold Symbols
\pmbraise@=\dimen140
)
(C:\Users\prithvi.patel\AppData\Local\Programs\MiKTeX\tex/latex/amsmath\amsopn.
sty
Package: amsopn 2021/08/26 v2.02 operator names
)
\inf@bad=\count189
LaTeX Info: Redefining \frac on input line 234.
\uproot@=\count190
\leftroot@=\count191
LaTeX Info: Redefining \overline on input line 399.
\classnum@=\count192
\DOTSCASE@=\count193
LaTeX Info: Redefining \ldots on input line 496.
LaTeX Info: Redefining \dots on input line 499.
LaTeX Info: Redefining \cdots on input line 620.
\Mathstrutbox@=\box50
\strutbox@=\box51
\big@size=\dimen141
LaTeX Font Info:    Redeclaring font encoding OML on input line 743.
LaTeX Font Info:    Redeclaring font encoding OMS on input line 744.
\macc@depth=\count194
\c@MaxMatrixCols=\count195
\dotsspace@=\muskip16
\c@parentequation=\count196
\dspbrk@lvl=\count197
\tag@help=\toks19
\row@=\count198
\column@=\count199
\maxfields@=\count266
\andhelp@=\toks20
\eqnshift@=\dimen142
\alignsep@=\dimen143
\tagshift@=\dimen144
\tagwidth@=\dimen145
\totwidth@=\dimen146
\lineht@=\dimen147
\@envbody=\toks21
\multlinegap=\skip50
\multlinetaggap=\skip51
\mathdisplay@stack=\toks22
LaTeX Info: Redefining \[ on input line 2938.
LaTeX Info: Redefining \] on input line 2939.
)
(C:\Users\prithvi.patel\AppData\Local\Programs\MiKTeX\tex/latex/amsfonts\amsfon
ts.sty
Package: amsfonts 2013/01/14 v3.01 Basic AMSFonts support
\symAMSa=\mathgroup4
\symAMSb=\mathgroup5
LaTeX Font Info:    Redeclaring math symbol \hbar on input line 98.
LaTeX Font Info:    Overwriting math alphabet `\mathfrak' in version `bold'
(Font)                  U/euf/m/n --> U/euf/b/n on input line 106.
)
(C:\Users\prithvi.patel\AppData\Local\Programs\MiKTeX\tex/latex/amsfonts\amssym
b.sty
Package: amssymb 2013/01/14 v3.01 AMS font symbols
)
(C:\Users\prithvi.patel\AppData\Local\Programs\MiKTeX\tex/latex/geometry\geomet
ry.sty
Package: geometry 2020/01/02 v5.9 Page Geometry

(C:\Users\prithvi.patel\AppData\Local\Programs\MiKTeX\tex/latex/graphics\keyval
.sty
Package: keyval 2014/10/28 v1.15 key=value parser (DPC)
\KV@toks@=\toks23
)
(C:\Users\prithvi.patel\AppData\Local\Programs\MiKTeX\tex/generic/iftex\ifvtex.
sty
Package: ifvtex 2019/10/25 v1.7 ifvtex legacy package. Use iftex instead.

(C:\Users\prithvi.patel\AppData\Local\Programs\MiKTeX\tex/generic/iftex\iftex.s
ty
Package: iftex 2022/02/03 v1.0f TeX engine tests
))
\Gm@cnth=\count267
\Gm@cntv=\count268
\c@Gm@tempcnt=\count269
\Gm@bindingoffset=\dimen148
\Gm@wd@mp=\dimen149
\Gm@odd@mp=\dimen150
\Gm@even@mp=\dimen151
\Gm@layoutwidth=\dimen152
\Gm@layoutheight=\dimen153
\Gm@layouthoffset=\dimen154
\Gm@layoutvoffset=\dimen155
\Gm@dimlist=\toks24

(C:\Users\prithvi.patel\AppData\Local\Programs\MiKTeX\tex/latex/geometry\geomet
ry.cfg))
(C:\Users\prithvi.patel\AppData\Local\Programs\MiKTeX\tex/latex/fancyhdr\fancyh
dr.sty
Package: fancyhdr 2021/01/28 v4.0.1 Extensive control of page headers and foote
rs
\f@nch@headwidth=\skip52
\f@nch@O@elh=\skip53
\f@nch@O@erh=\skip54
\f@nch@O@olh=\skip55
\f@nch@O@orh=\skip56
\f@nch@O@elf=\skip57
\f@nch@O@erf=\skip58
\f@nch@O@olf=\skip59
\f@nch@O@orf=\skip60
)
(C:\Users\prithvi.patel\AppData\Local\Programs\MiKTeX\tex/latex/graphics\graphi
cx.sty
Package: graphicx 2021/09/16 v1.2d Enhanced LaTeX Graphics (DPC,SPQR)

(C:\Users\prithvi.patel\AppData\Local\Programs\MiKTeX\tex/latex/graphics\graphi
cs.sty
Package: graphics 2021/03/04 v1.4d Standard LaTeX Graphics (DPC,SPQR)

(C:\Users\prithvi.patel\AppData\Local\Programs\MiKTeX\tex/latex/graphics\trig.s
ty
Package: trig 2021/08/11 v1.11 sin cos tan (DPC)
)
(C:\Users\prithvi.patel\AppData\Local\Programs\MiKTeX\tex/latex/graphics-cfg\gr
aphics.cfg
File: graphics.cfg 2016/06/04 v1.11 sample graphics configuration
)
Package graphics Info: Driver file: xetex.def on input line 107.

(C:\Users\prithvi.patel\AppData\Local\Programs\MiKTeX\tex/latex/graphics-def\xe
tex.def
File: xetex.def 2021/03/18 v5.0k Graphics/color driver for xetex
))
\Gin@req@height=\dimen156
\Gin@req@width=\dimen157
)
(C:\Users\prithvi.patel\AppData\Local\Programs\MiKTeX\tex/latex/titlesec\titles
ec.sty
Package: titlesec 2021/07/05 v2.14 Sectioning titles
\ttl@box=\box52
\beforetitleunit=\skip61
\aftertitleunit=\skip62
\ttl@plus=\dimen158
\ttl@minus=\dimen159
\ttl@toksa=\toks25
\titlewidth=\dimen160
\titlewidthlast=\dimen161
\titlewidthfirst=\dimen162
)
(C:\Users\prithvi.patel\AppData\Local\Programs\MiKTeX\tex/latex/float\float.sty
Package: float 2001/11/08 v1.3d Float enhancements (AL)
\c@float@type=\count270
\float@exts=\toks26
\float@box=\box53
\@float@everytoks=\toks27
\@floatcapt=\box54
)
(C:\Users\prithvi.patel\AppData\Local\Programs\MiKTeX\tex/generic/babel\babel.s
ty
Package: babel 2022/02/26 3.73 The Babel package
\babel@savecnt=\count271
\U@D=\dimen163
\l@unhyphenated=\language79

(C:\Users\prithvi.patel\AppData\Local\Programs\MiKTeX\tex/generic/babel\xebabel
.def
(C:\Users\prithvi.patel\AppData\Local\Programs\MiKTeX\tex/generic/babel\txtbabe
l.def))
\bbl@readstream=\read2
\bbl@dirlevel=\count272

*************************************
* Local config file bblopts.cfg used
*

(C:\Users\prithvi.patel\AppData\Local\Programs\MiKTeX\tex/latex/arabi\bblopts.c
fg
File: bblopts.cfg 2005/09/08 v0.1 add Arabic and Farsi to "declared" options of
 babel
)
(C:\Users\prithvi.patel\AppData\Local\Programs\MiKTeX\tex/latex/babel-english\e
nglish.ldf
Language: english 2017/06/06 v3.3r English support from the babel system
Package babel Info: Hyphen rules for 'canadian' set to \l@english
(babel)             (\language0). Reported on input line 102.
Package babel Info: Hyphen rules for 'australian' set to \l@ukenglish
(babel)             (\language73). Reported on input line 105.
Package babel Info: Hyphen rules for 'newzealand' set to \l@ukenglish
(babel)             (\language73). Reported on input line 108.
))
(C:\Users\prithvi.patel\AppData\Local\Programs\MiKTeX\tex/latex/siunitx\siunitx
.sty
Package: siunitx 2022-02-15 v3.0.49 A comprehensive (SI) units package
\l__siunitx_angle_tmp_dim=\dimen164
\l__siunitx_angle_marker_box=\box55
\l__siunitx_angle_unit_box=\box56
\l__siunitx_compound_count_int=\count273

(C:\Users\prithvi.patel\AppData\Local\Programs\MiKTeX\tex/latex/translations\tr
anslations.sty
Package: translations 2022/02/05 v1.12 internationalization of LaTeX2e packages
 (CN)

(C:\Users\prithvi.patel\AppData\Local\Programs\MiKTeX\tex/latex/etoolbox\etoolb
ox.sty
Package: etoolbox 2020/10/05 v2.5k e-TeX tools for LaTeX (JAW)
\etb@tempcnta=\count274
)
(C:\Users\prithvi.patel\AppData\Local\Programs\MiKTeX\tex/generic/pdftexcmds\pd
ftexcmds.sty
Package: pdftexcmds 2020-06-27 v0.33 Utility functions of pdfTeX for LuaTeX (HO
)

(C:\Users\prithvi.patel\AppData\Local\Programs\MiKTeX\tex/generic/infwarerr\inf
warerr.sty
Package: infwarerr 2019/12/03 v1.5 Providing info/warning/error messages (HO)
)
(C:\Users\prithvi.patel\AppData\Local\Programs\MiKTeX\tex/generic/ltxcmds\ltxcm
ds.sty
Package: ltxcmds 2020-05-10 v1.25 LaTeX kernel commands for general use (HO)
)
Package pdftexcmds Info: \pdf@primitive is available.
Package pdftexcmds Info: \pdf@ifprimitive is available.
Package pdftexcmds Info: \pdfdraftmode not found.
))
\l__siunitx_number_exponent_fixed_int=\count275
\l__siunitx_number_min_decimal_int=\count276
\l__siunitx_number_min_integer_int=\count277
\l__siunitx_number_round_precision_int=\count278
\l__siunitx_number_group_minimum_int=\count279
\l__siunitx_table_tmp_box=\box57
\l__siunitx_table_tmp_dim=\dimen165
\l__siunitx_table_column_width_dim=\dimen166
\l__siunitx_table_integer_box=\box58
\l__siunitx_table_decimal_box=\box59
\l__siunitx_table_before_box=\box60
\l__siunitx_table_after_box=\box61
\l__siunitx_table_before_dim=\dimen167
\l__siunitx_table_carry_dim=\dimen168
\l__siunitx_unit_tmp_int=\count280
\l__siunitx_unit_position_int=\count281
\l__siunitx_unit_total_int=\count282

(C:\Users\prithvi.patel\AppData\Local\Programs\MiKTeX\tex/latex/l3packages/l3ke
ys2e\l3keys2e.sty
(C:\Users\prithvi.patel\AppData\Local\Programs\MiKTeX\tex/latex/l3kernel\expl3.
sty
Package: expl3 2022-02-24 L3 programming layer (loader) 

(C:\Users\prithvi.patel\AppData\Local\Programs\MiKTeX\tex/latex/l3backend\l3bac
kend-xetex.def
File: l3backend-xetex.def 2022-02-07 L3 backend support: XeTeX
 ()
\c__kernel_sys_dvipdfmx_version_int=\count283
\l__color_backend_stack_int=\count284
\g__color_backend_stack_int=\count285
\g__graphics_track_int=\count286
\l__pdf_internal_box=\box62
\g__pdf_backend_object_int=\count287
\g__pdf_backend_annotation_int=\count288
\g__pdf_backend_link_int=\count289
))
Package: l3keys2e 2022-01-12 LaTeX2e option processing using LaTeX3 keys
)
(C:\Users\prithvi.patel\AppData\Local\Programs\MiKTeX\tex/latex/tools\array.sty
Package: array 2021/10/04 v2.5f Tabular extension package (FMi)
\col@sep=\dimen169
\ar@mcellbox=\box63
\extrarowheight=\dimen170
\NC@list=\toks28
\extratabsurround=\skip63
\backup@length=\skip64
\ar@cellbox=\box64
))
(C:\Users\prithvi.patel\AppData\Local\Programs\MiKTeX\tex/latex/hyperref\hyperr
ef.sty
Package: hyperref 2022-02-21 v7.00n Hypertext links for LaTeX

(C:\Users\prithvi.patel\AppData\Local\Programs\MiKTeX\tex/generic/kvsetkeys\kvs
etkeys.sty
Package: kvsetkeys 2019/12/15 v1.18 Key value parser (HO)
)
(C:\Users\prithvi.patel\AppData\Local\Programs\MiKTeX\tex/generic/kvdefinekeys\
kvdefinekeys.sty
Package: kvdefinekeys 2019-12-19 v1.6 Define keys (HO)
)
(C:\Users\prithvi.patel\AppData\Local\Programs\MiKTeX\tex/generic/pdfescape\pdf
escape.sty
Package: pdfescape 2019/12/09 v1.15 Implements pdfTeX's escape features (HO)
)
(C:\Users\prithvi.patel\AppData\Local\Programs\MiKTeX\tex/latex/hycolor\hycolor
.sty
Package: hycolor 2020-01-27 v1.10 Color options for hyperref/bookmark (HO)
)
(C:\Users\prithvi.patel\AppData\Local\Programs\MiKTeX\tex/latex/letltxmacro\let
ltxmacro.sty
Package: letltxmacro 2019/12/03 v1.6 Let assignment for LaTeX macros (HO)
)
(C:\Users\prithvi.patel\AppData\Local\Programs\MiKTeX\tex/latex/auxhook\auxhook
.sty
Package: auxhook 2019-12-17 v1.6 Hooks for auxiliary files (HO)
)
(C:\Users\prithvi.patel\AppData\Local\Programs\MiKTeX\tex/latex/kvoptions\kvopt
ions.sty
Package: kvoptions 2020-10-07 v3.14 Key value format for package options (HO)
)
\@linkdim=\dimen171
\Hy@linkcounter=\count290
\Hy@pagecounter=\count291

(C:\Users\prithvi.patel\AppData\Local\Programs\MiKTeX\tex/latex/hyperref\pd1enc
.def
File: pd1enc.def 2022-02-21 v7.00n Hyperref: PDFDocEncoding definition (HO)
)
(C:\Users\prithvi.patel\AppData\Local\Programs\MiKTeX\tex/generic/intcalc\intca
lc.sty
Package: intcalc 2019/12/15 v1.3 Expandable calculations with integers (HO)
)
(C:\Users\prithvi.patel\AppData\Local\Programs\MiKTeX\tex/generic/etexcmds\etex
cmds.sty
Package: etexcmds 2019/12/15 v1.7 Avoid name clashes with e-TeX commands (HO)
)
\Hy@SavedSpaceFactor=\count292

(C:\Users\prithvi.patel\AppData\Local\Programs\MiKTeX\tex/latex/hyperref\puenc.
def
File: puenc.def 2022-02-21 v7.00n Hyperref: PDF Unicode definition (HO)
)
Package hyperref Info: Hyper figures OFF on input line 4137.
Package hyperref Info: Link nesting OFF on input line 4142.
Package hyperref Info: Hyper index ON on input line 4145.
Package hyperref Info: Plain pages OFF on input line 4152.
Package hyperref Info: Backreferencing OFF on input line 4157.
Package hyperref Info: Implicit mode ON; LaTeX internals redefined.
Package hyperref Info: Bookmarks ON on input line 4390.
\c@Hy@tempcnt=\count293

(C:\Users\prithvi.patel\AppData\Local\Programs\MiKTeX\tex/latex/url\url.sty
\Urlmuskip=\muskip17
Package: url 2013/09/16  ver 3.4  Verb mode for urls, etc.
)
LaTeX Info: Redefining \url on input line 4749.
\XeTeXLinkMargin=\dimen172

(C:\Users\prithvi.patel\AppData\Local\Programs\MiKTeX\tex/generic/bitset\bitset
.sty
Package: bitset 2019/12/09 v1.3 Handle bit-vector datatype (HO)

(C:\Users\prithvi.patel\AppData\Local\Programs\MiKTeX\tex/generic/bigintcalc\bi
gintcalc.sty
Package: bigintcalc 2019/12/15 v1.5 Expandable calculations on big integers (HO
)
))
\Fld@menulength=\count294
\Field@Width=\dimen173
\Fld@charsize=\dimen174
Package hyperref Info: Hyper figures OFF on input line 6027.
Package hyperref Info: Link nesting OFF on input line 6032.
Package hyperref Info: Hyper index ON on input line 6035.
Package hyperref Info: backreferencing OFF on input line 6042.
Package hyperref Info: Link coloring OFF on input line 6047.
Package hyperref Info: Link coloring with OCG OFF on input line 6052.
Package hyperref Info: PDF/A mode OFF on input line 6057.
LaTeX Info: Redefining \ref on input line 6097.
LaTeX Info: Redefining \pageref on input line 6101.

(C:\Users\prithvi.patel\AppData\Local\Programs\MiKTeX\tex/latex/base\atbegshi-l
tx.sty
Package: atbegshi-ltx 2021/01/10 v1.0c Emulation of the original atbegshi
package with kernel methods
)
\Hy@abspage=\count295
\c@Item=\count296
\c@Hfootnote=\count297
)
Package hyperref Info: Driver (autodetected): hxetex.

(C:\Users\prithvi.patel\AppData\Local\Programs\MiKTeX\tex/latex/hyperref\hxetex
.def
File: hxetex.def 2022-02-21 v7.00n Hyperref driver for XeTeX

(C:\Users\prithvi.patel\AppData\Local\Programs\MiKTeX\tex/generic/stringenc\str
ingenc.sty
Package: stringenc 2019/11/29 v1.12 Convert strings between diff. encodings (HO
)
)
\pdfm@box=\box65
\c@Hy@AnnotLevel=\count298
\HyField@AnnotCount=\count299
\Fld@listcount=\count300
\c@bookmark@seq@number=\count301

(C:\Users\prithvi.patel\AppData\Local\Programs\MiKTeX\tex/latex/rerunfilecheck\
rerunfilecheck.sty
Package: rerunfilecheck 2019/12/05 v1.9 Rerun checks for auxiliary files (HO)

(C:\Users\prithvi.patel\AppData\Local\Programs\MiKTeX\tex/latex/base\atveryend-
ltx.sty
Package: atveryend-ltx 2020/08/19 v1.0a Emulation of the original atveryend pac
kage
with kernel methods
)
(C:\Users\prithvi.patel\AppData\Local\Programs\MiKTeX\tex/generic/uniquecounter
\uniquecounter.sty
Package: uniquecounter 2019/12/15 v1.4 Provide unlimited unique counter (HO)
)
Package uniquecounter Info: New unique counter `rerunfilecheck' on input line 2
86.
)
\Hy@SectionHShift=\skip65
)
(C:\Users\prithvi.patel\AppData\Local\Programs\MiKTeX\tex/latex/oberdiek\hypcap
.sty
Package: hypcap 2016/05/16 v1.12 Adjusting the anchors of captions (HO)
)
(C:\Users\prithvi.patel\AppData\Local\Programs\MiKTeX\tex/latex/adjustbox\adjus
tbox.sty
Package: adjustbox 2020/08/19 v1.3 Adjusting TeX boxes (trim, clip, ...)

(C:\Users\prithvi.patel\AppData\Local\Programs\MiKTeX\tex/latex/xkeyval\xkeyval
.sty
Package: xkeyval 2020/11/20 v2.8 package option processing (HA)

(C:\Users\prithvi.patel\AppData\Local\Programs\MiKTeX\tex/generic/xkeyval\xkeyv
al.tex
(C:\Users\prithvi.patel\AppData\Local\Programs\MiKTeX\tex/generic/xkeyval\xkvut
ils.tex
\XKV@toks=\toks29
\XKV@tempa@toks=\toks30
)
\XKV@depth=\count302
File: xkeyval.tex 2014/12/03 v2.7a key=value parser (HA)
))
(C:\Users\prithvi.patel\AppData\Local\Programs\MiKTeX\tex/latex/adjustbox\adjca
lc.sty
Package: adjcalc 2012/05/16 v1.1 Provides advanced setlength with multiple back
-ends (calc, etex, pgfmath)
)
(C:\Users\prithvi.patel\AppData\Local\Programs\MiKTeX\tex/latex/adjustbox\trimc
lip.sty
Package: trimclip 2020/08/19 v1.2 Trim and clip general TeX material

(C:\Users\prithvi.patel\AppData\Local\Programs\MiKTeX\tex/latex/collectbox\coll
ectbox.sty
Package: collectbox 2012/05/17 v0.4b Collect macro arguments as boxes
\collectedbox=\box66
)
\tc@llx=\dimen175
\tc@lly=\dimen176
\tc@urx=\dimen177
\tc@ury=\dimen178
Package trimclip Info: Using driver 'tc-xetex.def'.

(C:\Users\prithvi.patel\AppData\Local\Programs\MiKTeX\tex/latex/adjustbox\tc-xe
tex.def
File: tc-xetex.def 2019/01/04 v2.2 Clipping driver for xetex
))
\adjbox@Width=\dimen179
\adjbox@Height=\dimen180
\adjbox@Depth=\dimen181
\adjbox@Totalheight=\dimen182
\adjbox@pwidth=\dimen183
\adjbox@pheight=\dimen184
\adjbox@pdepth=\dimen185
\adjbox@ptotalheight=\dimen186

(C:\Users\prithvi.patel\AppData\Local\Programs\MiKTeX\tex/latex/ifoddpage\ifodd
page.sty
Package: ifoddpage 2016/04/23 v1.1 Conditionals for odd/even page detection
\c@checkoddpage=\count303
)
(C:\Users\prithvi.patel\AppData\Local\Programs\MiKTeX\tex/latex/varwidth\varwid
th.sty
Package: varwidth 2009/03/30 ver 0.92;  Variable-width minipages
\@vwid@box=\box67
\sift@deathcycles=\count304
\@vwid@loff=\dimen187
\@vwid@roff=\dimen188
))
(C:\Users\prithvi.patel\AppData\Local\Programs\MiKTeX\tex/latex/base\textcomp.s
ty
Package: textcomp 2020/02/02 v2.0n Standard LaTeX package
)
(C:\Users\prithvi.patel\AppData\Local\Programs\MiKTeX\tex/latex/was\gensymb.sty
Package: gensymb 2003/07/02 v1.0 (WaS)
)
(C:\Users\prithvi.patel\AppData\Local\Programs\MiKTeX\tex/latex/physics\physics
.sty
Package: physics 

(C:\Users\prithvi.patel\AppData\Local\Programs\MiKTeX\tex/latex/l3packages/xpar
se\xparse.sty
Package: xparse 2022-01-12 L3 Experimental document command parser
))
(C:\Users\prithvi.patel\AppData\Local\Programs\MiKTeX\tex/latex/tocbibind\tocbi
bind.sty
Package: tocbibind 2010/10/13 v1.5k extra ToC listings
Package tocbibind Info: The document has section divisions on input line 50.


Package tocbibind Note: Using section or other style headings.

)
(C:\Users\prithvi.patel\AppData\Local\Programs\MiKTeX\tex/latex/glossaries/base
\glossaries.sty
Package: glossaries 2021/11/01 v4.49 (NLCT)

(C:\Users\prithvi.patel\AppData\Local\Programs\MiKTeX\tex/latex/base\ifthen.sty
Package: ifthen 2020/11/24 v1.1c Standard LaTeX ifthen package (DPC)
)
(C:\Users\prithvi.patel\AppData\Local\Programs\MiKTeX\tex/latex/mfirstuc\mfirst
uc.sty
Package: mfirstuc 2021/10/15 v2.07 (NLCT)
\@glsmfirst=\toks31
\@glsmrest=\toks32
)
(C:\Users\prithvi.patel\AppData\Local\Programs\MiKTeX\tex/latex/textcase\textca
se.sty
Package: textcase 2019/09/14 v1.00 Text only upper/lower case changing (DPC)
)
(C:\Users\prithvi.patel\AppData\Local\Programs\MiKTeX\tex/latex/xfor\xfor.sty
Package: xfor 2009/02/05 v1.05 (NLCT)
)
(C:\Users\prithvi.patel\AppData\Local\Programs\MiKTeX\tex/latex/datatool\datato
ol-base.sty
Package: datatool-base 2019/09/27 v2.32 (NLCT)

(C:\Users\prithvi.patel\AppData\Local\Programs\MiKTeX\tex/latex/substr\substr.s
ty
Package: substr 2009/10/20 v1.2 Handle substrings
\c@su@anzahl=\count305
)
(C:\Users\prithvi.patel\AppData\Local\Programs\MiKTeX\tex/latex/datatool\datato
ol-fp.sty
Package: datatool-fp 2019/09/27 v2.32 (NLCT)

(C:\Users\prithvi.patel\AppData\Local\Programs\MiKTeX\tex/latex/fp\fp.sty
Package: fp 1995/04/02

`Fixed Point Package', Version 0.8, April 2, 1995 (C) Michael Mehlich
(C:\Users\prithvi.patel\AppData\Local\Programs\MiKTeX\tex/latex/fp\defpattern.s
ty
Package: defpattern 1994/10/12
\actioncount=\count306
)
(C:\Users\prithvi.patel\AppData\Local\Programs\MiKTeX\tex/latex/fp\fp-basic.sty
Package: fp-basic 1996/05/13
\FP@xs=\count307
\FP@xia=\count308
\FP@xib=\count309
\FP@xfa=\count310
\FP@xfb=\count311
\FP@rega=\count312
\FP@regb=\count313
\FP@regs=\count314
\FP@times=\count315
)
(C:\Users\prithvi.patel\AppData\Local\Programs\MiKTeX\tex/latex/fp\fp-addons.st
y
Package: fp-addons 1995/03/15
)
(C:\Users\prithvi.patel\AppData\Local\Programs\MiKTeX\tex/latex/fp\fp-snap.sty
Package: fp-snap 1995/04/05
) (C:\Users\prithvi.patel\AppData\Local\Programs\MiKTeX\tex/latex/fp\fp-exp.sty
Package: fp-exp 1995/04/03
)
(C:\Users\prithvi.patel\AppData\Local\Programs\MiKTeX\tex/latex/fp\fp-trigo.sty
Package: fp-trigo 1995/04/14
) (C:\Users\prithvi.patel\AppData\Local\Programs\MiKTeX\tex/latex/fp\fp-pas.sty
Package: fp-pas 1994/08/29
)
(C:\Users\prithvi.patel\AppData\Local\Programs\MiKTeX\tex/latex/fp\fp-random.st
y
Package: fp-random 1995/02/23
\FPseed=\count316
)
(C:\Users\prithvi.patel\AppData\Local\Programs\MiKTeX\tex/latex/fp\fp-eqn.sty
Package: fp-eqn 1995/04/03
)
(C:\Users\prithvi.patel\AppData\Local\Programs\MiKTeX\tex/latex/fp\fp-upn.sty
Package: fp-upn 1996/10/21
)
(C:\Users\prithvi.patel\AppData\Local\Programs\MiKTeX\tex/latex/fp\fp-eval.sty
Package: fp-eval 1995/04/03
)))
\@dtl@toks=\toks33
\@dtl@tmpcount=\count317
\dtl@tmplength=\skip66
\dtl@sortresult=\count318
\@dtl@numgrpsepcount=\count319
\@dtl@datatype=\count320
\dtl@codeA=\count321
\dtl@codeB=\count322
\@dtl@foreach@level=\count323
)
(C:\Users\prithvi.patel\AppData\Local\Programs\MiKTeX\tex/latex/glossaries/base
\glossaries-compatible-307.sty
Package: glossaries-compatible-307 2021/11/01 v4.49 (NLCT)
)
(C:\Users\prithvi.patel\AppData\Local\Programs\MiKTeX\tex/latex/tracklang\track
lang.sty
Package: tracklang 2020/06/30 v1.5 (NLCT) Track Languages

(C:\Users\prithvi.patel\AppData\Local\Programs\MiKTeX\tex/generic/tracklang\tra
cklang.tex))
(C:\Users\prithvi.patel\AppData\Local\Programs\MiKTeX\tex/latex/translator\tran
slator.sty
Package: translator 2021-05-31 v1.12d Easy translation of strings in LaTeX
)
(C:\Users\prithvi.patel\AppData\Local\Programs\MiKTeX\tex/latex/glossaries-engl
ish\glossaries-english.ldf
File: glossaries-english.ldf 2014/11/23 v1.0
)
\gls@level=\count324
\@gls@tmpb=\toks34
\gls@tmplen=\skip67
\glskeylisttok=\toks35
\glslabeltok=\toks36
\glsshorttok=\toks37
\glslongtok=\toks38

(C:\Users\prithvi.patel\AppData\Local\Programs\MiKTeX\tex/latex/glossaries/styl
es\glossary-hypernav.sty
Package: glossary-hypernav 2021/11/01 v4.49 (NLCT)
)
(C:\Users\prithvi.patel\AppData\Local\Programs\MiKTeX\tex/latex/glossaries/styl
es\glossary-list.sty
Package: glossary-list 2021/11/01 v4.49 (NLCT)
\glslistdottedwidth=\skip68
)
(C:\Users\prithvi.patel\AppData\Local\Programs\MiKTeX\tex/latex/glossaries/styl
es\glossary-long.sty
Package: glossary-long 2021/11/01 v4.49 (NLCT)

(C:\Users\prithvi.patel\AppData\Local\Programs\MiKTeX\tex/latex/tools\longtable
.sty
Package: longtable 2021-09-01 v4.17 Multi-page Table package (DPC)
\LTleft=\skip69
\LTright=\skip70
\LTpre=\skip71
\LTpost=\skip72
\LTchunksize=\count325
\LTcapwidth=\dimen189
\LT@head=\box68
\LT@firsthead=\box69
\LT@foot=\box70
\LT@lastfoot=\box71
\LT@gbox=\box72
\LT@cols=\count326
\LT@rows=\count327
\c@LT@tables=\count328
\c@LT@chunks=\count329
\LT@p@ftn=\toks39
)
\glsdescwidth=\skip73
\glspagelistwidth=\skip74
)
(C:\Users\prithvi.patel\AppData\Local\Programs\MiKTeX\tex/latex/glossaries/styl
es\glossary-super.sty
Package: glossary-super 2021/11/01 v4.49 (NLCT)

(C:\Users\prithvi.patel\AppData\Local\Programs\MiKTeX\tex/latex/supertabular\su
pertabular.sty
Package: supertabular 2020/02/02 v4.1g the supertabular environment
\c@tracingst=\count330
\ST@wd=\dimen190
\ST@rightskip=\skip75
\ST@leftskip=\skip76
\ST@parfillskip=\skip77
\ST@pageleft=\dimen191
\ST@headht=\dimen192
\ST@tailht=\dimen193
\ST@pagesofar=\dimen194
\ST@pboxht=\dimen195
\ST@lineht=\dimen196
\ST@prevht=\dimen197
\ST@toadd=\dimen198
\ST@dimen=\dimen199
\ST@pbox=\box73
))
(C:\Users\prithvi.patel\AppData\Local\Programs\MiKTeX\tex/latex/glossaries/styl
es\glossary-tree.sty
Package: glossary-tree 2021/11/01 v4.49 (NLCT)
\glstreeindent=\skip78
))
(C:\Users\prithvi.patel\AppData\Local\Programs\MiKTeX\tex/latex/slashbox\slashb
ox.sty
slashbox style by K.Yasuoka, May 1993.
\@slashboxa=\box74
\@slashboxb=\box75
\@slashboxc=\box76
\@slashboxwd=\count331
\@slashboxht=\count332
\@slashsepl=\dimen256
\@slashsepr=\dimen257
)
(C:\Users\prithvi.patel\AppData\Local\Programs\MiKTeX\tex/latex/acronym\acronym
.sty
Package: acronym 2020/04/17 v1.47 Support for acronyms (Tobias Oetiker)

(C:\Users\prithvi.patel\AppData\Local\Programs\MiKTeX\tex/latex/bigfoot\suffix.
sty
Package: suffix 2006/07/15 1.5a Variant command support
)
(C:\Users\prithvi.patel\AppData\Local\Programs\MiKTeX\tex/latex/xstring\xstring
.sty
(C:\Users\prithvi.patel\AppData\Local\Programs\MiKTeX\tex/generic/xstring\xstri
ng.tex
\integerpart=\count333
\decimalpart=\count334
)
Package: xstring 2021/07/21 v1.84 String manipulations (CT)
)
\AC@clearlist=\toks40
)
(C:\Users\prithvi.patel\AppData\Local\Programs\MiKTeX\tex/latex/caption\subcapt
ion.sty
Package: subcaption 2022/01/07 v1.5 Sub-captions (AR)

(C:\Users\prithvi.patel\AppData\Local\Programs\MiKTeX\tex/latex/caption\caption
.sty
Package: caption 2022/03/01 v3.6b Customizing captions (AR)

(C:\Users\prithvi.patel\AppData\Local\Programs\MiKTeX\tex/latex/caption\caption
3.sty
Package: caption3 2022/03/17 v2.3b caption3 kernel (AR)
\caption@tempdima=\dimen258
\captionmargin=\dimen259
\caption@leftmargin=\dimen260
\caption@rightmargin=\dimen261
\caption@width=\dimen262
\caption@indent=\dimen263
\caption@parindent=\dimen264
\caption@hangindent=\dimen265
Package caption Info: Standard document class detected.
)
\c@caption@flags=\count335
\c@continuedfloat=\count336
Package caption Info: float package is loaded.
Package caption Info: hyperref package is loaded.
Package caption Info: hypcap package is loaded.
Package caption Info: longtable package is loaded.

(C:\Users\prithvi.patel\AppData\Local\Programs\MiKTeX\tex/latex/caption\ltcapti
on.sty
Package: ltcaption 2021/01/08 v1.4c longtable captions (AR)
)
Package caption Info: supertabular package is loaded.
)
\c@subfigure=\count337
\c@subtable=\count338
)
(C:\Users\prithvi.patel\AppData\Local\Programs\MiKTeX\tex/latex/graphics\lscape
.sty
Package: lscape 2020/05/28 v3.02 Landscape Pages (DPC)
)
(C:\Users\prithvi.patel\AppData\Local\Programs\MiKTeX\tex/latex/listings\listin
gs.sty
\lst@mode=\count339
\lst@gtempboxa=\box77
\lst@token=\toks41
\lst@length=\count340
\lst@currlwidth=\dimen266
\lst@column=\count341
\lst@pos=\count342
\lst@lostspace=\dimen267
\lst@width=\dimen268
\lst@newlines=\count343
\lst@lineno=\count344
\lst@maxwidth=\dimen269

(C:\Users\prithvi.patel\AppData\Local\Programs\MiKTeX\tex/latex/listings\lstmis
c.sty
File: lstmisc.sty 2020/03/24 1.8d (Carsten Heinz)
\c@lstnumber=\count345
\lst@skipnumbers=\count346
\lst@framebox=\box78
)
(C:\Users\prithvi.patel\AppData\Local\Programs\MiKTeX\tex/latex/listings\listin
gs.cfg
File: listings.cfg 2020/03/24 1.8d listings configuration
))
Package: listings 2020/03/24 1.8d (Carsten Heinz)

(C:\Users\prithvi.patel\AppData\Local\Programs\MiKTeX\tex/latex/xcolor\xcolor.s
ty
Package: xcolor 2021/10/31 v2.13 LaTeX color extensions (UK)

(C:\Users\prithvi.patel\AppData\Local\Programs\MiKTeX\tex/latex/graphics-cfg\co
lor.cfg
File: color.cfg 2016/01/02 v1.6 sample color configuration
)
Package xcolor Info: Driver file: xetex.def on input line 227.
Package xcolor Info: Model `cmy' substituted by `cmy0' on input line 1352.
Package xcolor Info: Model `RGB' extended on input line 1368.
Package xcolor Info: Model `HTML' substituted by `rgb' on input line 1370.
Package xcolor Info: Model `Hsb' substituted by `hsb' on input line 1371.
Package xcolor Info: Model `tHsb' substituted by `hsb' on input line 1372.
Package xcolor Info: Model `HSB' substituted by `hsb' on input line 1373.
Package xcolor Info: Model `Gray' substituted by `gray' on input line 1374.
Package xcolor Info: Model `wave' substituted by `hsb' on input line 1375.
)
\glswrite=\write3
\glo@acronym@file=\write4
\openout4 = `MT_Prithvi.acn'.

Package glossaries Info: Writing glossary file MT_Prithvi.acn on input line 114
.
 (MT_Prithvi.aux

LaTeX Warning: Label `new_update' multiply defined.

)
\openout1 = `MT_Prithvi.aux'.

LaTeX Font Info:    Checking defaults for OML/cmm/m/it on input line 121.
LaTeX Font Info:    ... okay on input line 121.
LaTeX Font Info:    Checking defaults for OMS/cmsy/m/n on input line 121.
LaTeX Font Info:    ... okay on input line 121.
LaTeX Font Info:    Checking defaults for OT1/cmr/m/n on input line 121.
LaTeX Font Info:    ... okay on input line 121.
LaTeX Font Info:    Checking defaults for T1/cmr/m/n on input line 121.
LaTeX Font Info:    ... okay on input line 121.
LaTeX Font Info:    Checking defaults for TS1/cmr/m/n on input line 121.
LaTeX Font Info:    Trying to load font information for TS1+cmr on input line 1
21.

(C:\Users\prithvi.patel\AppData\Local\Programs\MiKTeX\tex/latex/base\ts1cmr.fd
File: ts1cmr.fd 2019/12/16 v2.5j Standard LaTeX font definitions
)
LaTeX Font Info:    ... okay on input line 121.
LaTeX Font Info:    Checking defaults for TU/lmr/m/n on input line 121.
LaTeX Font Info:    ... okay on input line 121.
LaTeX Font Info:    Checking defaults for OMX/cmex/m/n on input line 121.
LaTeX Font Info:    ... okay on input line 121.
LaTeX Font Info:    Checking defaults for U/cmr/m/n on input line 121.
LaTeX Font Info:    ... okay on input line 121.
LaTeX Font Info:    Checking defaults for PD1/pdf/m/n on input line 121.
LaTeX Font Info:    ... okay on input line 121.
LaTeX Font Info:    Checking defaults for PU/pdf/m/n on input line 121.
LaTeX Font Info:    ... okay on input line 121.
*geometry* driver: auto-detecting
*geometry* detected driver: xetex
*geometry* verbose mode - [ preamble ] result:
* driver: xetex
* paper: a4paper
* layout: <same size as paper>
* layoutoffset:(h,v)=(0.0pt,0.0pt)
* modes: 
* h-part:(L,W,R)=(72.26999pt, 452.9679pt, 72.26999pt)
* v-part:(T,H,B)=(72.26999pt, 700.50687pt, 72.26999pt)
* \paperwidth=597.50787pt
* \paperheight=845.04684pt
* \textwidth=452.9679pt
* \textheight=700.50687pt
* \oddsidemargin=0.0pt
* \evensidemargin=0.0pt
* \topmargin=-37.0pt
* \headheight=12.0pt
* \headsep=25.0pt
* \topskip=12.0pt
* \footskip=30.0pt
* \marginparwidth=35.0pt
* \marginparsep=10.0pt
* \columnsep=10.0pt
* \skip\footins=10.8pt plus 4.0pt minus 2.0pt
* \hoffset=0.0pt
* \voffset=0.0pt
* \mag=1000
* \@twocolumnfalse
* \@twosidefalse
* \@mparswitchfalse
* \@reversemarginfalse
* (1in=72.27pt=25.4mm, 1cm=28.453pt)


(C:\Users\prithvi.patel\AppData\Local\Programs\MiKTeX\tex/latex/translations/di
cts\translations-basic-dictionary-english.trsl
File: translations-basic-dictionary-english.trsl (english translation file `tra
nslations-basic-dictionary')
)
Package translations Info: loading dictionary `translations-basic-dictionary' f
or `english'. on input line 121.
Package hyperref Info: Link coloring OFF on input line 121.

(C:\Users\prithvi.patel\AppData\Local\Programs\MiKTeX\tex/latex/hyperref\namere
f.sty
Package: nameref 2021-04-02 v2.47 Cross-referencing by name of section

(C:\Users\prithvi.patel\AppData\Local\Programs\MiKTeX\tex/latex/refcount\refcou
nt.sty
Package: refcount 2019/12/15 v3.6 Data extraction from label references (HO)
)
(C:\Users\prithvi.patel\AppData\Local\Programs\MiKTeX\tex/generic/gettitlestrin
g\gettitlestring.sty
Package: gettitlestring 2019/12/15 v1.6 Cleanup title references (HO)
)
\c@section@level=\count347
)
LaTeX Info: Redefining \ref on input line 121.
LaTeX Info: Redefining \pageref on input line 121.
LaTeX Info: Redefining \nameref on input line 121.
 (MT_Prithvi.out) (MT_Prithvi.out)
\@outlinefile=\write5
\openout5 = `MT_Prithvi.out'.

\symgns@font=\mathgroup6
LaTeX Font Info:    Overwriting symbol font `gns@font' in version `bold'
(Font)                  TS1/lmr/m/n --> TS1/lmr/b/n on input line 121.
Package gensymb Info: Math companion symbols declared on input line 121.
LaTeX Info: Redefining \degree on input line 121.
LaTeX Info: Redefining \celsius on input line 121.
Package gensymb Info: Using text companion symbols for \degree, \celsius and \p
erthousand on input line 121.
LaTeX Info: Redefining \ohm on input line 121.
Package gensymb Info: Using \textohm for \ohm on input line 121.
LaTeX Info: Redefining \micro on input line 121.
Package gensymb Info: Using \textmu for \micro on input line 121.
 (MT_Prithvi.glsdefs)
Package caption Info: Begin \AtBeginDocument code.
Package caption Info: listings package is loaded.
Package caption Info: End \AtBeginDocument code.
\c@lstlisting=\count348
File: 1.jpg Graphic file (type bmp)
<1.jpg>
File: 2.png Graphic file (type bmp)
<2.png>


Package fancyhdr Warning: \headheight is too small (12.0pt): 
(fancyhdr)                Make it at least 57.95024pt, for example:
(fancyhdr)                \setlength{\headheight}{57.95024pt}.
(fancyhdr)                You might also make \topmargin smaller to compensate:

(fancyhdr)                \addtolength{\topmargin}{-45.95024pt}.

[1

\openout3 = `MT_Prithvi.ist'.

]
Underfull \hbox (badness 10000) in paragraph at lines 165--166

 []


Underfull \hbox (badness 10000) in paragraph at lines 167--168

 []


Package fancyhdr Warning: \footskip is too small (0.0pt): 
(fancyhdr)                Make it at least 4.35004pt, for example:
(fancyhdr)                \setlength{\footskip}{4.35004pt}.

[1]
Underfull \hbox (badness 10000) in paragraph at lines 177--178

 []


Underfull \hbox (badness 10000) in paragraph at lines 179--180

 []


Underfull \hbox (badness 10000) in paragraph at lines 181--182

 []


Package fancyhdr Warning: \footskip is too small (0.0pt): 
(fancyhdr)                Make it at least 4.35004pt, for example:
(fancyhdr)                \setlength{\footskip}{4.35004pt}.

[2] (MT_Prithvi.toc
LaTeX Font Info:    Trying to load font information for U+msa on input line 4.

(C:\Users\prithvi.patel\AppData\Local\Programs\MiKTeX\tex/latex/amsfonts\umsa.f
d
File: umsa.fd 2013/01/14 v3.01 AMS symbols A
)
LaTeX Font Info:    Trying to load font information for U+msb on input line 4.

(C:\Users\prithvi.patel\AppData\Local\Programs\MiKTeX\tex/latex/amsfonts\umsb.f
d
File: umsb.fd 2013/01/14 v3.01 AMS symbols B
) [5])
\tf@toc=\write6
\openout6 = `MT_Prithvi.toc'.

 [6] [7

]
No file MT_Prithvi.acr.
[8] (MT_Prithvi.lof)
\tf@lof=\write7
\openout7 = `MT_Prithvi.lof'.

 [9]
Underfull \hbox (badness 10000) in paragraph at lines 297--298

 []


Underfull \hbox (badness 10000) in paragraph at lines 299--300

 []


Underfull \hbox (badness 10000) in paragraph at lines 301--302

 []

[1

]
Underfull \hbox (badness 10000) in paragraph at lines 316--317

 []


Underfull \hbox (badness 10000) in paragraph at lines 318--319

 []


Underfull \hbox (badness 10000) in paragraph at lines 320--321

 []


Underfull \hbox (badness 10000) in paragraph at lines 322--323

 []


Underfull \hbox (badness 10000) in paragraph at lines 324--325

 []


Underfull \hbox (badness 10000) in paragraph at lines 326--327

 []


Underfull \hbox (badness 10000) in paragraph at lines 328--329

 []


Underfull \hbox (badness 10000) in paragraph at lines 330--331

 []

[2]
Underfull \hbox (badness 10000) in paragraph at lines 342--343

 []

File: iot_cps.PNG Graphic file (type bmp)
<iot_cps.PNG>

Underfull \hbox (badness 10000) in paragraph at lines 351--352

 []


Underfull \hbox (badness 10000) in paragraph at lines 353--354

 []

[3]
Overfull \hbox (0.11725pt too wide) in paragraph at lines 363--364
[]\TU/lmr/m/n/12 For industrial purposes, IoT devices require proprietary, cust
om, or industry-specific
 []


Underfull \hbox (badness 10000) in paragraph at lines 367--368

 []


Underfull \hbox (badness 10000) in paragraph at lines 373--374

 []

[4]
Underfull \hbox (badness 10000) in paragraph at lines 375--376

 []


Underfull \hbox (badness 10000) in paragraph at lines 379--380

 []


Underfull \hbox (badness 10000) in paragraph at lines 381--382

 []

[5]
File: cloud.PNG Graphic file (type bmp)
<cloud.PNG>

Overfull \hbox (1.71484pt too wide) in paragraph at lines 385--386
 [][] 
 []


Underfull \hbox (badness 10000) in paragraph at lines 392--393

 []


Underfull \hbox (badness 10000) in paragraph at lines 394--395

 []


Underfull \hbox (badness 10000) in paragraph at lines 396--397

 []

[6]
Underfull \hbox (badness 10000) in paragraph at lines 398--399

 []


Underfull \hbox (badness 10000) in paragraph at lines 413--414

 []

[7]
File: software_arch_sample.PNG Graphic file (type bmp)
<software_arch_sample.PNG>

Underfull \hbox (badness 10000) in paragraph at lines 422--423

 []

[8]
File: layered.PNG Graphic file (type bmp)
<layered.PNG>

Underfull \hbox (badness 10000) in paragraph at lines 449--450

 []

[9]
File: event_driven.PNG Graphic file (type bmp)
<event_driven.PNG>

Underfull \hbox (badness 10000) in paragraph at lines 460--461

 []

File: broker_event_driven.PNG Graphic file (type bmp)
<broker_event_driven.PNG>
[10]
File: microkernel.PNG Graphic file (type bmp)
<microkernel.PNG>
 [11]
File: microservice.PNG Graphic file (type bmp)
<microservice.PNG>
 [12]
File: soa.PNG Graphic file (type bmp)
<soa.PNG>
File: cloud_architecture.PNG Graphic file (type bmp)
<cloud_architecture.PNG>
 [13]
Underfull \hbox (badness 10000) in paragraph at lines 519--520

 []

[14]
File: Bulkhead_pattern.PNG Graphic file (type bmp)
<Bulkhead_pattern.PNG>

Underfull \hbox (badness 10000) in paragraph at lines 534--535

 []

File: retry_pattern.PNG Graphic file (type bmp)
<retry_pattern.PNG>
[15]
File: circuit_breaker.PNG Graphic file (type bmp)
<circuit_breaker.PNG>
 [16]
File: cqrs.PNG Graphic file (type bmp)
<cqrs.PNG>

Overfull \hbox (25.60097pt too wide) in paragraph at lines 576--577
[]\TU/lmr/m/n/12 To prevent the lock-up of resources with reading and writing r
equests, separating queries(reads)
 []

[17]

LaTeX Warning: Citation `R23' on page 18 undefined on input line 603.

[18]
Underfull \hbox (badness 10000) in paragraph at lines 613--614

 []

File: symmetric_cryptography.PNG Graphic file (type bmp)
<symmetric_cryptography.PNG>

Underfull \hbox (badness 10000) in paragraph at lines 642--643

 []

[19]
File: asymmetric_cryptography.PNG Graphic file (type bmp)
<asymmetric_cryptography.PNG>
 [20]
Underfull \hbox (badness 10000) in paragraph at lines 670--671

 []

File: x509.PNG Graphic file (type bmp)
<x509.PNG>

Underfull \hbox (badness 10000) in paragraph at lines 684--685

 []

[21] [22]
Underfull \hbox (badness 10000) in paragraph at lines 697--698

 []


Underfull \hbox (badness 10000) in paragraph at lines 699--700

 []

File: ota.png Graphic file (type bmp)
<ota.png>
[23]
Underfull \hbox (badness 10000) in paragraph at lines 708--709

 []


Underfull \hbox (badness 10000) in paragraph at lines 710--711

 []

[24]
Underfull \hbox (badness 10000) in paragraph at lines 720--721

 []


Underfull \hbox (badness 10000) in paragraph at lines 722--723

 []


Underfull \hbox (badness 7133) in paragraph at lines 733--733
[]|\TU/lmr/m/n/12 Scalable, reliable,
 []


Underfull \hbox (badness 2932) in paragraph at lines 735--735
[]|\TU/lmr/m/n/12 Mechanic, trained
 []


Underfull \hbox (badness 2608) in paragraph at lines 737--737
[]|\TU/lmr/m/n/12 Driver or Owner,
 []

[25]
Underfull \hbox (badness 10000) in paragraph at lines 761--762

 []

[26]
File: generic_sw_steiger.PNG Graphic file (type bmp)
<generic_sw_steiger.PNG>

Overfull \hbox (6.01129pt too wide) in paragraph at lines 765--766
 [][] 
 []


Underfull \hbox (badness 10000) in paragraph at lines 770--771

 []


Underfull \hbox (badness 10000) in paragraph at lines 772--773

 []

[27]
Underfull \hbox (badness 10000) in paragraph at lines 779--780

 []


Underfull \hbox (badness 10000) in paragraph at lines 789--790

 []

[28] [29]
File: amazon_ota.PNG Graphic file (type bmp)
<amazon_ota.PNG>

Overfull \hbox (10.0753pt too wide) in paragraph at lines 816--817
 [][] 
 []


Underfull \hbox (badness 10000) in paragraph at lines 821--822

 []

[30]
File: SimpleLink_MCU.PNG Graphic file (type bmp)
<SimpleLink_MCU.PNG>
 [31]
File: boot_sequence.PNG Graphic file (type bmp)
<boot_sequence.PNG>
 [32]
Underfull \hbox (badness 10000) in paragraph at lines 866--867

 []

[33]
File: traditional_sequence.PNG Graphic file (type bmp)
<traditional_sequence.PNG>

Underfull \hbox (badness 10000) in paragraph at lines 879--880

 []

[34]
Underfull \hbox (badness 10000) in paragraph at lines 881--882

 []


Underfull \hbox (badness 10000) in paragraph at lines 883--884

 []


Underfull \hbox (badness 10000) in paragraph at lines 888--889

 []


Underfull \hbox (badness 10000) in paragraph at lines 890--891

 []

[35]
File: sota_client.PNG Graphic file (type bmp)
<sota_client.PNG>

Underfull \hbox (badness 10000) in paragraph at lines 899--900

 []


Underfull \hbox (badness 10000) in paragraph at lines 901--902

 []


Underfull \hbox (badness 10000) in paragraph at lines 903--904

 []

[36]
File: update_strategy.PNG Graphic file (type bmp)
<update_strategy.PNG>
 [37]
Underfull \hbox (badness 10000) in paragraph at lines 914--915

 []


Underfull \hbox (badness 10000) in paragraph at lines 920--920
[]|\TU/lmr/m/n/12 Rollback-
 []


Underfull \hbox (badness 10000) in paragraph at lines 920--921
\TU/lmr/m/n/12 ECU ar-
 []


Underfull \hbox (badness 10000) in paragraph at lines 922--922
[]|\TU/lmr/m/n/12 Replace and
 []


Underfull \hbox (badness 1874) in paragraph at lines 924--924
[]|\TU/lmr/m/n/12 A/B swap and
 []


Underfull \hbox (badness 1603) in paragraph at lines 924--924
[]|\TU/lmr/m/n/12 very short
 []

[38]
Underfull \hbox (badness 10000) in paragraph at lines 938--939

 []

File: smarphone_ecosystem.PNG Graphic file (type bmp)
<smarphone_ecosystem.PNG>

Underfull \hbox (badness 10000) in paragraph at lines 949--950

 []

[39]
File: hardware_architecture_r4.PNG Graphic file (type bmp)
<hardware_architecture_r4.PNG>

Underfull \hbox (badness 10000) in paragraph at lines 958--959

 []


Underfull \hbox (badness 10000) in paragraph at lines 960--961

 []

File: full_architecture.PNG Graphic file (type bmp)
<full_architecture.PNG>

Overfull \hbox (2.54611pt too wide) in paragraph at lines 964--965
 [][] 
 []

[40]
Underfull \hbox (badness 10000) in paragraph at lines 971--972

 []


Underfull \hbox (badness 10000) in paragraph at lines 973--974

 []

[41]
Underfull \hbox (badness 10000) in paragraph at lines 975--976

 []


Underfull \hbox (badness 10000) in paragraph at lines 977--978

 []

File: sub_urban_architecture.PNG Graphic file (type bmp)
<sub_urban_architecture.PNG>

Overfull \hbox (23.62776pt too wide) in paragraph at lines 981--982
 [][] 
 []

[42]
Underfull \hbox (badness 10000) in paragraph at lines 986--987

 []


Underfull \hbox (badness 10000) in paragraph at lines 988--989

 []


Underfull \hbox (badness 10000) in paragraph at lines 990--991

 []

[43]
File: system_architecture.PNG Graphic file (type bmp)
<system_architecture.PNG>

Overfull \hbox (16.85153pt too wide) in paragraph at lines 996--997
 [][] 
 []

[44]
Underfull \hbox (badness 10000) in paragraph at lines 1013--1014

 []

[45]
Underfull \hbox (badness 10000) in paragraph at lines 1050--1051

 []


Underfull \hbox (badness 10000) in paragraph at lines 1052--1053

 []


Underfull \hbox (badness 10000) in paragraph at lines 1054--1055

 []


Underfull \hbox (badness 10000) in paragraph at lines 1056--1057

 []


Underfull \hbox (badness 10000) in paragraph at lines 1058--1059

 []

[46]
Underfull \hbox (badness 10000) in paragraph at lines 1060--1061

 []


Underfull \hbox (badness 10000) in paragraph at lines 1062--1063

 []


Underfull \hbox (badness 10000) in paragraph at lines 1064--1065

 []


Underfull \hbox (badness 10000) in paragraph at lines 1066--1067

 []


Underfull \hbox (badness 10000) in paragraph at lines 1068--1069

 []


Underfull \hbox (badness 10000) in paragraph at lines 1074--1075

 []


Underfull \hbox (badness 10000) in paragraph at lines 1076--1077

 []

[47]
Underfull \hbox (badness 10000) in paragraph at lines 1078--1079

 []


Underfull \hbox (badness 10000) in paragraph at lines 1080--1081

 []


Underfull \hbox (badness 10000) in paragraph at lines 1082--1083

 []


Underfull \hbox (badness 10000) in paragraph at lines 1084--1085

 []


Underfull \hbox (badness 10000) in paragraph at lines 1086--1087

 []


Underfull \hbox (badness 10000) in paragraph at lines 1088--1089

 []


Underfull \hbox (badness 10000) in paragraph at lines 1090--1091

 []


Underfull \hbox (badness 10000) in paragraph at lines 1092--1093

 []


Underfull \hbox (badness 10000) in paragraph at lines 1094--1095

 []

[48]
Underfull \hbox (badness 10000) in paragraph at lines 1096--1097

 []


Underfull \hbox (badness 10000) in paragraph at lines 1100--1101

 []


Underfull \hbox (badness 10000) in paragraph at lines 1102--1103

 []


Underfull \hbox (badness 10000) in paragraph at lines 1104--1105

 []


Underfull \hbox (badness 10000) in paragraph at lines 1106--1107

 []


Underfull \hbox (badness 10000) in paragraph at lines 1108--1109

 []


Underfull \hbox (badness 10000) in paragraph at lines 1110--1111

 []

[49]
Underfull \hbox (badness 10000) in paragraph at lines 1112--1113

 []


Underfull \hbox (badness 10000) in paragraph at lines 1114--1115

 []


Underfull \hbox (badness 10000) in paragraph at lines 1116--1117

 []


Underfull \hbox (badness 10000) in paragraph at lines 1118--1119

 []


Underfull \hbox (badness 10000) in paragraph at lines 1120--1121

 []


Underfull \hbox (badness 10000) in paragraph at lines 1122--1123

 []


Underfull \hbox (badness 10000) in paragraph at lines 1126--1127

 []


Underfull \hbox (badness 10000) in paragraph at lines 1128--1129

 []


Underfull \hbox (badness 10000) in paragraph at lines 1130--1131

 []


Underfull \hbox (badness 10000) in paragraph at lines 1132--1133

 []

[50]
Underfull \hbox (badness 10000) in paragraph at lines 1134--1135

 []


Underfull \hbox (badness 10000) in paragraph at lines 1136--1137

 []


Underfull \hbox (badness 10000) in paragraph at lines 1138--1139

 []


Underfull \hbox (badness 10000) in paragraph at lines 1140--1141

 []


Underfull \hbox (badness 10000) in paragraph at lines 1142--1143

 []


Underfull \hbox (badness 10000) in paragraph at lines 1144--1145

 []


Underfull \hbox (badness 10000) in paragraph at lines 1146--1147

 []


Underfull \hbox (badness 10000) in paragraph at lines 1148--1149

 []


Underfull \hbox (badness 10000) in paragraph at lines 1152--1153

 []

[51]
Underfull \hbox (badness 10000) in paragraph at lines 1154--1155

 []


Underfull \hbox (badness 10000) in paragraph at lines 1158--1159

 []


Underfull \hbox (badness 10000) in paragraph at lines 1160--1161

 []


Underfull \hbox (badness 10000) in paragraph at lines 1162--1163

 []


Underfull \hbox (badness 10000) in paragraph at lines 1164--1165

 []


Underfull \hbox (badness 10000) in paragraph at lines 1166--1167

 []


Underfull \hbox (badness 10000) in paragraph at lines 1168--1169

 []


Underfull \hbox (badness 10000) in paragraph at lines 1170--1171

 []


Underfull \hbox (badness 10000) in paragraph at lines 1172--1173

 []

[52]
Underfull \hbox (badness 10000) in paragraph at lines 1183--1183
[]|\TU/lmr/m/n/10 User Prox-
 []


Underfull \hbox (badness 10000) in paragraph at lines 1183--1183
[]|\TU/lmr/m/n/10 High
 []


Underfull \hbox (badness 10000) in paragraph at lines 1183--1183
\TU/lmr/m/n/10 Through-
 []


Underfull \hbox (badness 10000) in paragraph at lines 1183--1184
[]|\TU/lmr/m/n/10 Cost-
 []


Underfull \hbox (badness 10000) in paragraph at lines 1185--1185
[]|\TU/lmr/m/n/10 Generic
 []


Underfull \hbox (badness 10000) in paragraph at lines 1185--1185
[]|\TU/lmr/m/n/10 Not men-
 []


Underfull \hbox (badness 10000) in paragraph at lines 1187--1187
[]|\TU/lmr/m/n/10 Secure and
 []


Underfull \hbox (badness 10000) in paragraph at lines 1189--1189
[]|\TU/lmr/m/n/10 Generic
 []


Underfull \hbox (badness 10000) in paragraph at lines 1189--1189
\TU/lmr/m/n/10 system for
 []


Underfull \hbox (badness 10000) in paragraph at lines 1189--1189
\TU/lmr/m/n/10 Automotive
 []


Underfull \hbox (badness 10000) in paragraph at lines 1189--1189
\TU/lmr/m/n/10 SOTA up-
 []


Underfull \hbox (badness 10000) in paragraph at lines 1189--1189
[]|\TU/lmr/m/n/10 Medium to
 []


Underfull \hbox (badness 10000) in paragraph at lines 1189--1189
[]|\TU/lmr/m/n/10 Medium to
 []


Underfull \hbox (badness 10000) in paragraph at lines 1189--1189
[]|\TU/lmr/m/n/10 Medium to
 []


Underfull \hbox (badness 10000) in paragraph at lines 1189--1190
[]|\TU/lmr/m/n/10 Server and
 []


Underfull \hbox (badness 10000) in paragraph at lines 1189--1190
\TU/lmr/m/n/10 its mainte-
 []


Underfull \hbox (badness 10000) in paragraph at lines 1191--1191
[]|\TU/lmr/m/n/10 Smartphone
 []


Underfull \hbox (badness 10000) in paragraph at lines 1191--1191
\TU/lmr/m/n/10 based OTA
 []


Underfull \hbox (badness 10000) in paragraph at lines 1191--1191
[]|\TU/lmr/m/n/10 Medium to
 []


Underfull \hbox (badness 10000) in paragraph at lines 1191--1192
[]|\TU/lmr/m/n/10 Costs of
 []


Underfull \hbox (badness 10000) in paragraph at lines 1193--1193
[]|\TU/lmr/m/n/10 OTA update
 []


Underfull \hbox (badness 10000) in paragraph at lines 1193--1193
\TU/lmr/m/n/10 for Smart
 []


Underfull \hbox (badness 1484) in paragraph at lines 1193--1193
\TU/lmr/m/n/10 Urban Devel-
 []


Underfull \hbox (badness 10000) in paragraph at lines 1193--1193
[]|\TU/lmr/m/n/10 Not men-
 []


LaTeX Warning: `h' float specifier changed to `ht'.

[53]
Underfull \hbox (badness 5105) in paragraph at lines 1210--1210
[]|\TU/lmr/m/n/10 Authentication by
 []


Underfull \hbox (badness 10000) in paragraph at lines 1212--1212
[]|\TU/lmr/m/n/10 Generic Framework by
 []


Underfull \hbox (badness 10000) in paragraph at lines 1212--1212
[]|\TU/lmr/m/n/10 Authentication
 []


Underfull \hbox (badness 5504) in paragraph at lines 1212--1212
\TU/lmr/m/n/10 using Asymmetric
 []


Underfull \hbox (badness 1292) in paragraph at lines 1214--1214
[]|\TU/lmr/m/n/10 Authentication us-
 []


Underfull \hbox (badness 2478) in paragraph at lines 1214--1214
\TU/lmr/m/n/10 ing signed certifi-
 []


Underfull \hbox (badness 1292) in paragraph at lines 1216--1216
[]|\TU/lmr/m/n/10 Authentication us-
 []


Underfull \hbox (badness 2478) in paragraph at lines 1216--1216
\TU/lmr/m/n/10 ing signed certifi-
 []


Underfull \hbox (badness 3209) in paragraph at lines 1216--1216
\TU/lmr/m/n/10 cates with REST
 []


Underfull \hbox (badness 1466) in paragraph at lines 1218--1218
[]|\TU/lmr/m/n/10 Smartphone based OTA
 []


Underfull \hbox (badness 10000) in paragraph at lines 1218--1218
[]|\TU/lmr/m/n/10 Authentication
 []


Underfull \hbox (badness 10000) in paragraph at lines 1218--1218
\TU/lmr/m/n/10 using registration
 []


Underfull \hbox (badness 1142) in paragraph at lines 1218--1218
\TU/lmr/m/n/10 through app mar-
 []


Underfull \hbox (badness 1838) in paragraph at lines 1220--1220
[]|\TU/lmr/m/n/10 OTA update for Smart
 []


Underfull \hbox (badness 1292) in paragraph at lines 1220--1220
[]|\TU/lmr/m/n/10 Authentication us-
 []

[54


]
Underfull \hbox (badness 10000) in paragraph at lines 1243--1244

 []

[55]
Underfull \hbox (badness 10000) in paragraph at lines 1253--1254

 []


Underfull \hbox (badness 10000) in paragraph at lines 1255--1256

 []


Underfull \hbox (badness 10000) in paragraph at lines 1268--1269

 []

[56]
File: OTA_architecture.drawio.png Graphic file (type bmp)
<OTA_architecture.drawio.png>


LaTeX Warning: Float too large for page by 10.78845pt on input line 1277.


LaTeX Warning: `h' float specifier changed to `ht'.

[57]
Underfull \hbox (badness 10000) in paragraph at lines 1286--1287

 []

File: device_provisioning.png Graphic file (type bmp)
<device_provisioning.png>
[58


]
Underfull \hbox (badness 10000) in paragraph at lines 1326--1327

 []


Underfull \hbox (badness 10000) in paragraph at lines 1328--1329

 []

[59]
Underfull \hbox (badness 10000) in paragraph at lines 1334--1335

 []


Underfull \hbox (badness 10000) in paragraph at lines 1358--1359

 []


Underfull \hbox (badness 10000) in paragraph at lines 1364--1365

 []

[60]
Underfull \hbox (badness 10000) in paragraph at lines 1366--1367

 []


Underfull \hbox (badness 1052) in paragraph at lines 1391--1391
[]|\TU/lmr/m/n/10 Reports to the
 []


Underfull \hbox (badness 1052) in paragraph at lines 1393--1393
[]|\TU/lmr/m/n/10 Reports to the
 []


Underfull \hbox (badness 1052) in paragraph at lines 1395--1395
[]|\TU/lmr/m/n/10 Reports to the
 []


Underfull \hbox (badness 1052) in paragraph at lines 1397--1397
[]|\TU/lmr/m/n/10 Reports to the
 []


Underfull \hbox (badness 1052) in paragraph at lines 1399--1399
[]|\TU/lmr/m/n/10 Reports to the
 []


Underfull \hbox (badness 1052) in paragraph at lines 1401--1401
[]|\TU/lmr/m/n/10 Reports to the
 []


Underfull \hbox (badness 1052) in paragraph at lines 1403--1403
[]|\TU/lmr/m/n/10 Reports to the
 []

[61] [62]
Underfull \hbox (badness 10000) in paragraph at lines 1413--1414

 []


Underfull \hbox (badness 10000) in paragraph at lines 1415--1416

 []

[63]
Underfull \hbox (badness 10000) in paragraph at lines 1428--1429

 []


(C:\Users\prithvi.patel\AppData\Local\Programs\MiKTeX\tex/latex/listings\lstlan
g1.sty
File: lstlang1.sty 2020/03/24 1.8d listings language file
)
(C:\Users\prithvi.patel\AppData\Local\Programs\MiKTeX\tex/latex/listings\lstlan
g1.sty
File: lstlang1.sty 2020/03/24 1.8d listings language file
)
Underfull \hbox (badness 10000) in paragraph at lines 1450--1451

 []

[64]
Underfull \hbox (badness 10000) in paragraph at lines 1467--1468

 []


Underfull \hbox (badness 10000) in paragraph at lines 1469--1470

 []

File: root_cert_dps.png Graphic file (type bmp)
<root_cert_dps.png>

Overfull \hbox (5.10176pt too wide) in paragraph at lines 1475--1476
 [][] 
 []


Underfull \hbox (badness 10000) in paragraph at lines 1486--1487

 []


Underfull \hbox (badness 10000) in paragraph at lines 1486--1487

 []

[65]
File: test_group.png Graphic file (type bmp)
<test_group.png>

Overfull \hbox (31.03944pt too wide) in paragraph at lines 1490--1491
 [][] 
 []


Underfull \hbox (badness 10000) in paragraph at lines 1495--1496

 []


Underfull \hbox (badness 10000) in paragraph at lines 1497--1498

 []


Underfull \hbox (badness 10000) in paragraph at lines 1502--1503

 []

[66]
Underfull \hbox (badness 10000) in paragraph at lines 1504--1505

 []


Underfull \hbox (badness 10000) in paragraph at lines 1512--1513

 []


Underfull \hbox (badness 10000) in paragraph at lines 1520--1521

 []

[67]
File: new_update.png Graphic file (type bmp)
<new_update.png>
File: files_test.png Graphic file (type bmp)
<files_test.png>
 [68]
Underfull \hbox (badness 10000) in paragraph at lines 1545--1546

 []


Underfull \hbox (badness 10000) in paragraph at lines 1557--1558

 []


Underfull \hbox (badness 10000) in paragraph at lines 1559--1560

 []

[69]
Underfull \hbox (badness 10000) in paragraph at lines 1597--1598

 []

[70]
Underfull \hbox (badness 10000) in paragraph at lines 1604--1605

 []


Underfull \hbox (badness 10000) in paragraph at lines 1606--1607

 []


Underfull \hbox (badness 10000) in paragraph at lines 1612--1613

 []

[71]
Underfull \hbox (badness 10000) in paragraph at lines 1624--1625

 []

[72] [73]
Underfull \hbox (badness 10000) in paragraph at lines 1662--1663

 []

[74]
Overfull \hbox (27.55956pt too wide) in paragraph at lines 1715--1716
[][][][][][][][][][][][][][][][][][][][][][][][][][][][][][][][][][][][][][][][
][][][][][][][][][][][][][][][][][][][][][][][][][][][][][][][][][][][][][][][]
[][][][][]$[] 
 []

[75] [76] [77]
Overfull \hbox (2.33958pt too wide) in paragraph at lines 1813--1814
[][][][][][][][][][][][][][][][][][][][][][][][][][][][][][][][][][][][][][][][
][][][][][][][][][][][][][][][][][][][][][][][][][][][][][][][][][][][][][][][]
$[] 
 []

[78] [79]
Overfull \hbox (4.65207pt too wide) in paragraph at lines 1844--1851
[]  
 []

[80] (MT_Prithvi.aux)

LaTeX Warning: There were undefined references.


LaTeX Warning: There were multiply-defined labels.

Package rerunfilecheck Info: File `MT_Prithvi.out' has not changed.
(rerunfilecheck)             Checksum: FFDA509C100C59E5F22FF0107964B37B;14841.
 )
(\end occurred inside a group at level 1)

### simple group (level 1) entered at line 960 ({)
### bottom level 
Here is how much of TeX's memory you used:
 27339 strings out of 410967
 506886 string characters out of 2822129
 1098288 words of memory out of 3000000
 47660 multiletter control sequences out of 15000+600000
 478332 words of font info for 80 fonts, out of 8000000 for 9000
 1348 hyphenation exceptions out of 8191
 91i,13n,131p,2534b,2495s stack positions out of 10000i,1000n,20000p,200000b,80000s

Output written on MT_Prithvi.pdf (88 pages).
